<?xml version="1.0" encoding="UTF-8"?>
<Site BuildName="(empty)"
	BuildStamp="20210825-1147-Experimental"
	Name="(empty)"
	Generator="ctest-3.10.2"
	CompilerName=""
	CompilerVersion=""
	OSName="Linux"
	Hostname="piotr-VirtualBox"
	OSRelease="5.4.0-81-generic"
	OSVersion="#91~18.04.1-Ubuntu SMP Fri Jul 23 13:36:29 UTC 2021"
	OSPlatform="x86_64"
	Is64Bits="1"
	VendorString="GenuineIntel"
	VendorID="Intel Corporation"
	FamilyID="6"
	ModelID="158"
	ProcessorCacheSize="9216"
	NumberOfLogicalCPU="1"
	NumberOfPhysicalCPU="1"
	TotalVirtualMemory="472"
	TotalPhysicalMemory="7962"
	LogicalProcessorsPerPhysical="1"
	ProcessorClockFrequency="2208"
	>
	<Testing>
		<StartDateTime>Aug 25 13:47 CEST</StartDateTime>
		<StartTestTime>1629892035</StartTestTime>
		<TestList/>
		<EndDateTime>Aug 25 13:47 CEST</EndDateTime>
		<EndTestTime>1629892035</EndTestTime>
		<ElapsedMinutes>0</ElapsedMinutes>
	</Testing>
</Site>
